<?xml version="1.0" encoding="UTF-8"?>
<!-- Generated by org.testng.reporters.JUnitReportReporter -->
<testsuite hostname="LAPTOP-7D68NT7T" failures="0" tests="1" name="driverFactory.DriverScript" time="33.937" errors="0" timestamp="2023-04-19T17:38:33 IST" skipped="0">
  <testcase classname="driverFactory.DriverScript" name="startTest" time="33.937"/>
  <system-out>
    <![CDATA[No of rows in TCSheet::4  No of rows in TSSheet::18
Login Success::adminflow     http://primusbank.qedgetech.com/adminflow.aspx
New Branch with id 1325 created Sucessfully
Logout Success
Login Success::adminflow     http://primusbank.qedgetech.com/adminflow.aspx
Branch updated Sucessfully
Logout Success]]>
  </system-out>
</testsuite> <!-- driverFactory.DriverScript -->
